<?xml version="1.0" encoding="UTF-8"?>
<!-- Generated by org.testng.reporters.JUnitXMLReporter -->
<testsuite ignored="0" hostname="USBLRPRADEEPG21" failures="0" tests="2" name="ErrorValidationTest" time="23.725" errors="0" timestamp="2024-03-12T12:32:36 IST">
  <testcase classname="seleniummaventest.pageobjects.ErrorValidations" name="POClientErrorValidation" time="0.986"/>
  <testcase classname="seleniummaventest.pageobjects.ErrorValidations" name="POClienttest" time="4.317"/>
</testsuite> <!-- ErrorValidationTest -->
