<?xml version="1.0" encoding="UTF-8"?>
<!-- Generated by org.testng.reporters.JUnitXMLReporter -->
<testsuite ignored="0" hostname="USBLRPRADEEPG21" failures="0" tests="3" name="POClientTest" time="38.058" errors="0" timestamp="2024-03-12T12:32:50 IST">
  <testcase classname="seleniummaventest.pageobjects.POClientTest" name="POClienttest" time="5.242"/>
  <testcase classname="seleniummaventest.pageobjects.POClientTest" name="POClienttest" time="5.0"/>
  <testcase classname="seleniummaventest.pageobjects.POClientTest" name="OrderHistoryTest" time="0.724"/>
</testsuite> <!-- POClientTest -->
