<?xml version="1.0" encoding="UTF-8"?>
<testng-results ignored="0" total="1" passed="1" failed="0" skipped="0">
  <reporter-output>
  </reporter-output>
  <suite started-at="2024-03-15T11:14:47 IST" name="Default suite" finished-at="2024-03-15T11:15:09 IST" duration-ms="21982">
    <groups>
      <group name="cucumber">
        <method signature="AbstractTestNGCucumberTests.runScenario(io.cucumber.testng.PickleWrapper,io.cucumber.testng.FeatureWrapper)[pri:0, instance:cucumber.TestNGtestRunner@72d1ad2e]" name="runScenario" class="io.cucumber.testng.AbstractTestNGCucumberTests"/>
      </group> <!-- cucumber -->
    </groups>
    <test started-at="2024-03-15T11:14:47 IST" name="Default test" finished-at="2024-03-15T11:15:09 IST" duration-ms="21982">
      <class name="cucumber.TestNGtestRunner">
        <test-method is-config="true" signature="setUpClass(org.testng.ITestContext)[pri:0, instance:cucumber.TestNGtestRunner@72d1ad2e]" started-at="2024-03-15T11:14:47 IST" name="setUpClass" finished-at="2024-03-15T11:14:48 IST" duration-ms="1200" status="PASS">
          <params>
            <param index="0">
              <value>
                <![CDATA[org.testng.TestRunner@7eb6b6b6]]>
              </value>
            </param>
          </params>
          <reporter-output>
          </reporter-output>
        </test-method> <!-- setUpClass -->
        <test-method signature="runScenario(io.cucumber.testng.PickleWrapper,io.cucumber.testng.FeatureWrapper)[pri:0, instance:cucumber.TestNGtestRunner@72d1ad2e]" started-at="2024-03-15T11:14:48 IST" name="runScenario" description="Runs Cucumber Scenarios" data-provider="scenarios" finished-at="2024-03-15T11:15:09 IST" duration-ms="20649" status="PASS">
          <params>
            <param index="0">
              <value>
                <![CDATA["Positive flow of Submitting the Order"]]>
              </value>
            </param>
            <param index="1">
              <value>
                <![CDATA["Purchase any Order from Ecommerce Application"]]>
              </value>
            </param>
          </params>
          <reporter-output>
          </reporter-output>
        </test-method> <!-- runScenario -->
        <test-method is-config="true" signature="tearDownClass()[pri:0, instance:cucumber.TestNGtestRunner@72d1ad2e]" started-at="2024-03-15T11:15:09 IST" name="tearDownClass" finished-at="2024-03-15T11:15:09 IST" duration-ms="66" status="PASS">
          <reporter-output>
          </reporter-output>
        </test-method> <!-- tearDownClass -->
      </class> <!-- cucumber.TestNGtestRunner -->
    </test> <!-- Default test -->
  </suite> <!-- Default suite -->
</testng-results>
